gasAndroid/yunqilai_delivery/app/build/outputs/logs/manifest-merger-release-report.txt
-- Merging decision tree log ---
manifest
ADDED from src\main\AndroidManifest.xml:2:1-236:12
	package
		ADDED from src\main\AndroidManifest.xml:3:5-36
		INJECTED from src\main\AndroidManifest.xml
		INJECTED from src\main\AndroidManifest.xml
	android:versionName
		INJECTED from src\main\AndroidManifest.xml
		INJECTED from src\main\AndroidManifest.xml
	xmlns:android
		ADDED from src\main\AndroidManifest.xml:2:11-69
	android:versionCode
		INJECTED from src\main\AndroidManifest.xml
		INJECTED from src\main\AndroidManifest.xml
permission#com.yunqilai.delivery.permission.JPUSH_MESSAGE
ADDED from src\main\AndroidManifest.xml:6:5-8:47
MERGED from [cn.jiguang.sdk:jpush:3.0.3] AndroidManifest.xml:11:5-13:47
	android:protectionLevel
		ADDED from src\main\AndroidManifest.xml:8:9-44
	android:name
		ADDED from src\main\AndroidManifest.xml:7:9-70
uses-permission#com.yunqilai.consumer.permission.JPUSH_MESSAGE
ADDED from src\main\AndroidManifest.xml:11:5-86
	android:name
		ADDED from src\main\AndroidManifest.xml:11:22-83
uses-permission#android.permission.RECEIVE_USER_PRESENT
ADDED from src\main\AndroidManifest.xml:12:5-79
MERGED from [cn.jiguang.sdk:jpush:3.0.3] AndroidManifest.xml:17:5-79
	android:name
		ADDED from src\main\AndroidManifest.xml:12:22-76
uses-permission#android.permission.INTERNET
ADDED from src\main\AndroidManifest.xml:13:5-67
MERGED from [cn.jiguang.sdk:jpush:3.0.3] AndroidManifest.xml:18:5-67
	android:name
		ADDED from src\main\AndroidManifest.xml:13:22-64
uses-permission#android.permission.WAKE_LOCK
ADDED from src\main\AndroidManifest.xml:14:5-68
MERGED from [cn.jiguang.sdk:jpush:3.0.3] AndroidManifest.xml:19:5-68
	android:name
		ADDED from src\main\AndroidManifest.xml:14:22-65
uses-permission#android.permission.READ_PHONE_STATE
ADDED from src\main\AndroidManifest.xml:15:5-75
MERGED from [cn.jiguang.sdk:jpush:3.0.3] AndroidManifest.xml:20:5-75
	android:name
		ADDED from src\main\AndroidManifest.xml:15:22-72
uses-permission#android.permission.WRITE_EXTERNAL_STORAGE
ADDED from src\main\AndroidManifest.xml:16:5-81
MERGED from [cn.jiguang.sdk:jpush:3.0.3] AndroidManifest.xml:21:5-81
	android:name
		ADDED from src\main\AndroidManifest.xml:16:22-78
uses-permission#android.permission.READ_EXTERNAL_STORAGE
ADDED from src\main\AndroidManifest.xml:17:5-80
MERGED from [cn.jiguang.sdk:jpush:3.0.3] AndroidManifest.xml:22:5-80
	android:name
		ADDED from src\main\AndroidManifest.xml:17:22-77
uses-permission#android.permission.VIBRATE
ADDED from src\main\AndroidManifest.xml:18:5-66
MERGED from [cn.jiguang.sdk:jpush:3.0.3] AndroidManifest.xml:24:5-66
	android:name
		ADDED from src\main\AndroidManifest.xml:18:22-63
uses-permission#android.permission.MOUNT_UNMOUNT_FILESYSTEMS
ADDED from src\main\AndroidManifest.xml:19:5-84
MERGED from [cn.jiguang.sdk:jpush:3.0.3] AndroidManifest.xml:25:5-84
	android:name
		ADDED from src\main\AndroidManifest.xml:19:22-81
uses-permission#android.permission.ACCESS_NETWORK_STATE
ADDED from src\main\AndroidManifest.xml:20:5-79
MERGED from [cn.jiguang.sdk:jpush:3.0.3] AndroidManifest.xml:26:5-79
	android:name
		ADDED from src\main\AndroidManifest.xml:20:22-76
uses-permission#android.permission.WRITE_SETTINGS
ADDED from src\main\AndroidManifest.xml:21:5-73
MERGED from [cn.jiguang.sdk:jpush:3.0.3] AndroidManifest.xml:23:5-73
	android:name
		ADDED from src\main\AndroidManifest.xml:21:22-70
uses-permission#android.permission.ACCESS_WIFI_STATE
ADDED from src\main\AndroidManifest.xml:22:5-76
MERGED from [cn.jiguang.sdk:jpush:3.0.3] AndroidManifest.xml:27:5-76
	android:name
		ADDED from src\main\AndroidManifest.xml:22:22-73
uses-permission#android.permission.SYSTEM_ALERT_WINDOW
ADDED from src\main\AndroidManifest.xml:25:5-78
MERGED from [cn.jiguang.sdk:jpush:3.0.3] AndroidManifest.xml:30:5-78
	android:name
		ADDED from src\main\AndroidManifest.xml:25:22-75
uses-permission#android.permission.ACCESS_COARSE_LOCATION
ADDED from src\main\AndroidManifest.xml:26:5-81
MERGED from [cn.jiguang.sdk:jpush:3.0.3] AndroidManifest.xml:31:5-81
	android:name
		ADDED from src\main\AndroidManifest.xml:26:22-78
uses-permission#android.permission.CHANGE_WIFI_STATE
ADDED from src\main\AndroidManifest.xml:27:5-76
MERGED from [cn.jiguang.sdk:jpush:3.0.3] AndroidManifest.xml:32:5-76
	android:name
		ADDED from src\main\AndroidManifest.xml:27:22-73
uses-permission#android.permission.ACCESS_FINE_LOCATION
ADDED from src\main\AndroidManifest.xml:28:5-79
MERGED from [cn.jiguang.sdk:jpush:3.0.3] AndroidManifest.xml:33:5-79
	android:name
		ADDED from src\main\AndroidManifest.xml:28:22-76
uses-permission#android.permission.ACCESS_LOCATION_EXTRA_COMMANDS
ADDED from src\main\AndroidManifest.xml:29:5-89
MERGED from [cn.jiguang.sdk:jpush:3.0.3] AndroidManifest.xml:34:5-89
	android:name
		ADDED from src\main\AndroidManifest.xml:29:22-86
uses-permission#android.permission.CHANGE_NETWORK_STATE
ADDED from src\main\AndroidManifest.xml:30:5-79
MERGED from [cn.jiguang.sdk:jpush:3.0.3] AndroidManifest.xml:35:5-79
	android:name
		ADDED from src\main\AndroidManifest.xml:30:22-76
uses-permission#android.permission.GET_TASKS
ADDED from src\main\AndroidManifest.xml:31:5-68
	android:name
		ADDED from src\main\AndroidManifest.xml:31:22-65
uses-feature#android.hardware.camera
ADDED from src\main\AndroidManifest.xml:36:5-60
	android:name
		ADDED from src\main\AndroidManifest.xml:36:19-57
uses-feature#android.hardware.camera.autofocus
ADDED from src\main\AndroidManifest.xml:37:5-70
	android:name
		ADDED from src\main\AndroidManifest.xml:37:19-67
uses-feature#android.hardware.camera.flash
ADDED from src\main\AndroidManifest.xml:38:5-66
	android:name
		ADDED from src\main\AndroidManifest.xml:38:19-63
uses-permission#android.permission.INSTALL_PACKAGES
ADDED from src\main\AndroidManifest.xml:40:5-75
	android:name
		ADDED from src\main\AndroidManifest.xml:40:22-72
uses-permission#android.permission.CAMERA
ADDED from src\main\AndroidManifest.xml:42:5-64
	android:name
		ADDED from src\main\AndroidManifest.xml:42:22-62
uses-permission#android.permission.FLASHLIGHT
ADDED from src\main\AndroidManifest.xml:43:5-69
	android:name
		ADDED from src\main\AndroidManifest.xml:43:22-66
application
ADDED from src\main\AndroidManifest.xml:49:5-234:19
MERGED from [com.android.support.constraint:constraint-layout:1.0.2] AndroidManifest.xml:9:5-20
MERGED from [com.liaoinstan.springview:library:1.2.6] AndroidManifest.xml:11:5-15:19
MERGED from [com.android.support:design:26.0.0-alpha1] AndroidManifest.xml:29:5-20
MERGED from [com.android.support:transition:26.0.0-alpha1] AndroidManifest.xml:26:5-20
MERGED from [com.android.support:appcompat-v7:26.0.0-alpha1] AndroidManifest.xml:29:5-20
MERGED from [com.android.support:support-v4:26.0.0-alpha1] AndroidManifest.xml:29:5-20
MERGED from [com.android.support:support-media-compat:26.0.0-alpha1] AndroidManifest.xml:29:5-20
MERGED from [com.android.support:support-fragment:26.0.0-alpha1] AndroidManifest.xml:29:5-20
MERGED from [com.android.support:support-core-ui:26.0.0-alpha1] AndroidManifest.xml:29:5-20
MERGED from [com.android.support:support-core-utils:26.0.0-alpha1] AndroidManifest.xml:29:5-20
MERGED from [com.android.support:animated-vector-drawable:26.0.0-alpha1] AndroidManifest.xml:26:5-20
MERGED from [com.android.support:support-vector-drawable:26.0.0-alpha1] AndroidManifest.xml:26:5-20
MERGED from [com.android.support:support-compat:26.0.0-alpha1] AndroidManifest.xml:29:5-20
MERGED from [com.tbruyelle.rxpermissions:rxpermissions:0.9.4] AndroidManifest.xml:11:5-20
MERGED from [me.iwf.photopicker:PhotoPicker:0.9.0] AndroidManifest.xml:9:5-19:19
MERGED from [cn.jiguang.sdk:jpush:3.0.3] AndroidManifest.xml:37:5-128:19
MERGED from [cn.jiguang.sdk:jcore:1.1.1] AndroidManifest.xml:11:5-12:19
	android:label
		ADDED from src\main\AndroidManifest.xml:52:9-41
	android:supportsRtl
		ADDED from [com.liaoinstan.springview:library:1.2.6] AndroidManifest.xml:14:9-35
	android:icon
		ADDED from src\main\AndroidManifest.xml:51:9-40
	android:allowBackup
		ADDED from [com.liaoinstan.springview:library:1.2.6] AndroidManifest.xml:12:9-35
	android:theme
		ADDED from src\main\AndroidManifest.xml:53:9-40
	android:name
		ADDED from src\main\AndroidManifest.xml:50:9-38
activity#com.yunqilai.delivery.ui.activity.common.WelcomeActivity
ADDED from src\main\AndroidManifest.xml:54:9-63:20
	android:screenOrientation
		ADDED from src\main\AndroidManifest.xml:57:13-49
	android:theme
		ADDED from src\main\AndroidManifest.xml:56:13-44
	android:name
		ADDED from src\main\AndroidManifest.xml:55:13-63
intent-filter#android.intent.action.MAIN+android.intent.category.LAUNCHER
ADDED from src\main\AndroidManifest.xml:58:13-62:29
action#android.intent.action.MAIN
ADDED from src\main\AndroidManifest.xml:59:17-69
	android:name
		ADDED from src\main\AndroidManifest.xml:59:25-66
category#android.intent.category.LAUNCHER
ADDED from src\main\AndroidManifest.xml:61:17-77
	android:name
		ADDED from src\main\AndroidManifest.xml:61:27-74
activity#com.yunqilai.delivery.ui.activity.common.SplashActivity
ADDED from src\main\AndroidManifest.xml:64:9-66:52
	android:screenOrientation
		ADDED from src\main\AndroidManifest.xml:66:13-49
	android:name
		ADDED from src\main\AndroidManifest.xml:65:13-62
activity#com.yunqilai.delivery.ui.activity.common.LoginActivity
ADDED from src\main\AndroidManifest.xml:67:9-70:52
	android:screenOrientation
		ADDED from src\main\AndroidManifest.xml:70:13-49
	android:launchMode
		ADDED from src\main\AndroidManifest.xml:69:13-48
	android:name
		ADDED from src\main\AndroidManifest.xml:68:13-61
activity#com.yunqilai.delivery.ui.activity.MainActivity
ADDED from src\main\AndroidManifest.xml:71:9-74:52
	android:screenOrientation
		ADDED from src\main\AndroidManifest.xml:74:13-49
	android:launchMode
		ADDED from src\main\AndroidManifest.xml:73:13-44
	android:name
		ADDED from src\main\AndroidManifest.xml:72:13-53
activity#com.yunqilai.delivery.ui.activity.common.FindPwdActivity
ADDED from src\main\AndroidManifest.xml:75:9-77:52
	android:screenOrientation
		ADDED from src\main\AndroidManifest.xml:77:13-49
	android:name
		ADDED from src\main\AndroidManifest.xml:76:13-63
activity#com.yunqilai.delivery.ui.activity.common.ScanCodeActivity
ADDED from src\main\AndroidManifest.xml:78:9-80:52
	android:screenOrientation
		ADDED from src\main\AndroidManifest.xml:80:13-49
	android:name
		ADDED from src\main\AndroidManifest.xml:79:13-64
activity#com.yunqilai.delivery.ui.activity.common.ScanCode2Activity
ADDED from src\main\AndroidManifest.xml:81:9-83:52
	android:screenOrientation
		ADDED from src\main\AndroidManifest.xml:83:13-49
	android:name
		ADDED from src\main\AndroidManifest.xml:82:13-65
activity#com.yunqilai.delivery.ui.activity.attestation.AddAttestationActivity
ADDED from src\main\AndroidManifest.xml:84:9-86:52
	android:screenOrientation
		ADDED from src\main\AndroidManifest.xml:86:13-49
	android:name
		ADDED from src\main\AndroidManifest.xml:85:13-75
activity#com.yunqilai.delivery.ui.activity.order.OrderDetailActivity
ADDED from src\main\AndroidManifest.xml:87:9-89:52
	android:screenOrientation
		ADDED from src\main\AndroidManifest.xml:89:13-49
	android:name
		ADDED from src\main\AndroidManifest.xml:88:13-66
activity#com.yunqilai.delivery.ui.activity.infomanage.TankDetailActivity
ADDED from src\main\AndroidManifest.xml:90:9-92:52
	android:screenOrientation
		ADDED from src\main\AndroidManifest.xml:92:13-49
	android:name
		ADDED from src\main\AndroidManifest.xml:91:13-70
activity#com.yunqilai.delivery.ui.activity.common.InputCodeActivity
ADDED from src\main\AndroidManifest.xml:93:9-95:52
	android:screenOrientation
		ADDED from src\main\AndroidManifest.xml:95:13-49
	android:name
		ADDED from src\main\AndroidManifest.xml:94:13-65
activity#com.yunqilai.delivery.ui.activity.common.InputCode2Activity
ADDED from src\main\AndroidManifest.xml:96:9-98:52
	android:screenOrientation
		ADDED from src\main\AndroidManifest.xml:98:13-49
	android:name
		ADDED from src\main\AndroidManifest.xml:97:13-66
activity#com.yunqilai.delivery.ui.activity.infomanage.SearchTankActivity
ADDED from src\main\AndroidManifest.xml:99:9-101:52
	android:screenOrientation
		ADDED from src\main\AndroidManifest.xml:101:13-49
	android:name
		ADDED from src\main\AndroidManifest.xml:100:13-70
activity#com.yunqilai.delivery.ui.activity.order.SearchOrderActivity
ADDED from src\main\AndroidManifest.xml:102:9-104:52
	android:screenOrientation
		ADDED from src\main\AndroidManifest.xml:104:13-49
	android:name
		ADDED from src\main\AndroidManifest.xml:103:13-66
activity#com.yunqilai.delivery.ui.activity.infomanage.SearchTankResultActivity
ADDED from src\main\AndroidManifest.xml:105:9-107:52
	android:screenOrientation
		ADDED from src\main\AndroidManifest.xml:107:13-49
	android:name
		ADDED from src\main\AndroidManifest.xml:106:13-76
activity#com.yunqilai.delivery.ui.activity.order.SearchOrderResultActivity
ADDED from src\main\AndroidManifest.xml:108:9-110:52
	android:screenOrientation
		ADDED from src\main\AndroidManifest.xml:110:13-49
	android:name
		ADDED from src\main\AndroidManifest.xml:109:13-72
activity#com.yunqilai.delivery.ui.activity.infomanage.ReplaceCodeActivity
ADDED from src\main\AndroidManifest.xml:111:9-113:52
	android:screenOrientation
		ADDED from src\main\AndroidManifest.xml:113:13-49
	android:name
		ADDED from src\main\AndroidManifest.xml:112:13-71
activity#com.yunqilai.delivery.ui.activity.attestation.AttestationDetailActivity
ADDED from src\main\AndroidManifest.xml:114:9-116:52
	android:screenOrientation
		ADDED from src\main\AndroidManifest.xml:116:13-49
	android:name
		ADDED from src\main\AndroidManifest.xml:115:13-78
activity#com.yunqilai.delivery.ui.activity.my.DispatchMatterActivity
ADDED from src\main\AndroidManifest.xml:117:9-119:52
	android:screenOrientation
		ADDED from src\main\AndroidManifest.xml:119:13-49
	android:name
		ADDED from src\main\AndroidManifest.xml:118:13-66
activity#com.yunqilai.delivery.ui.activity.my.DispatchStatisticsActivity
ADDED from src\main\AndroidManifest.xml:120:9-122:52
	android:screenOrientation
		ADDED from src\main\AndroidManifest.xml:122:13-49
	android:name
		ADDED from src\main\AndroidManifest.xml:121:13-70
activity#com.yunqilai.delivery.ui.activity.my.AccountsSecurityActivity
ADDED from src\main\AndroidManifest.xml:123:9-125:52
	android:screenOrientation
		ADDED from src\main\AndroidManifest.xml:125:13-49
	android:name
		ADDED from src\main\AndroidManifest.xml:124:13-68
activity#com.yunqilai.delivery.ui.activity.my.AboutUsActivity
ADDED from src\main\AndroidManifest.xml:126:9-128:52
	android:screenOrientation
		ADDED from src\main\AndroidManifest.xml:128:13-49
	android:name
		ADDED from src\main\AndroidManifest.xml:127:13-59
activity#com.yunqilai.delivery.ui.activity.my.DispatchMatterDetailActivity
ADDED from src\main\AndroidManifest.xml:129:9-131:52
	android:screenOrientation
		ADDED from src\main\AndroidManifest.xml:131:13-49
	android:name
		ADDED from src\main\AndroidManifest.xml:130:13-72
activity#com.yunqilai.delivery.ui.activity.my.ModifyNicknameActivity
ADDED from src\main\AndroidManifest.xml:132:9-134:52
	android:screenOrientation
		ADDED from src\main\AndroidManifest.xml:134:13-49
	android:name
		ADDED from src\main\AndroidManifest.xml:133:13-66
activity#com.yunqilai.delivery.ui.activity.my.ModifyPasswordActivity
ADDED from src\main\AndroidManifest.xml:135:9-137:52
	android:screenOrientation
		ADDED from src\main\AndroidManifest.xml:137:13-49
	android:name
		ADDED from src\main\AndroidManifest.xml:136:13-66
activity#me.iwf.photopicker.PhotoPickerActivity
ADDED from src\main\AndroidManifest.xml:139:9-74
	android:name
		ADDED from src\main\AndroidManifest.xml:139:19-72
activity#me.iwf.photopicker.PhotoPagerActivity
ADDED from src\main\AndroidManifest.xml:140:9-74
	android:name
		ADDED from src\main\AndroidManifest.xml:140:19-71
service#cn.jpush.android.service.PushService
ADDED from src\main\AndroidManifest.xml:145:9-155:19
MERGED from [cn.jiguang.sdk:jpush:3.0.3] AndroidManifest.xml:66:9-77:19
	android:enabled
		ADDED from src\main\AndroidManifest.xml:147:13-35
	android:process
		ADDED from [cn.jiguang.sdk:jpush:3.0.3] AndroidManifest.xml:70:13-40
	android:exported
		ADDED from src\main\AndroidManifest.xml:148:13-37
	android:name
		ADDED from src\main\AndroidManifest.xml:146:13-64
intent-filter#cn.jpush.android.intent.PUSH_TIME+cn.jpush.android.intent.PushService+cn.jpush.android.intent.REGISTER+cn.jpush.android.intent.REPORT
ADDED from src\main\AndroidManifest.xml:149:13-154:29
action#cn.jpush.android.intent.REGISTER
ADDED from src\main\AndroidManifest.xml:150:17-75
	android:name
		ADDED from src\main\AndroidManifest.xml:150:25-72
action#cn.jpush.android.intent.REPORT
ADDED from src\main\AndroidManifest.xml:151:17-73
	android:name
		ADDED from src\main\AndroidManifest.xml:151:25-70
action#cn.jpush.android.intent.PushService
ADDED from src\main\AndroidManifest.xml:152:17-78
	android:name
		ADDED from src\main\AndroidManifest.xml:152:25-75
action#cn.jpush.android.intent.PUSH_TIME
ADDED from src\main\AndroidManifest.xml:153:17-76
	android:name
		ADDED from src\main\AndroidManifest.xml:153:25-73
receiver#cn.jpush.android.service.PushReceiver
ADDED from src\main\AndroidManifest.xml:159:9-176:20
MERGED from [cn.jiguang.sdk:jpush:3.0.3] AndroidManifest.xml:93:9-113:20
	android:enabled
		ADDED from src\main\AndroidManifest.xml:161:13-35
	android:process
		ADDED from [cn.jiguang.sdk:jpush:3.0.3] AndroidManifest.xml:97:13-40
	android:exported
		ADDED from [cn.jiguang.sdk:jpush:3.0.3] AndroidManifest.xml:96:13-37
	android:name
		ADDED from src\main\AndroidManifest.xml:160:13-65
intent-filter#cn.jpush.android.intent.NOTIFICATION_RECEIVED_PROXY+com.yunqilai.delivery
ADDED from src\main\AndroidManifest.xml:162:13-165:29
	android:priority
		ADDED from src\main\AndroidManifest.xml:162:28-51
action#cn.jpush.android.intent.NOTIFICATION_RECEIVED_PROXY
ADDED from src\main\AndroidManifest.xml:163:17-94
	android:name
		ADDED from src\main\AndroidManifest.xml:163:25-91
category#com.yunqilai.delivery
ADDED from src\main\AndroidManifest.xml:164:17-65
	android:name
		ADDED from src\main\AndroidManifest.xml:164:27-63
intent-filter#android.intent.action.USER_PRESENT+android.net.conn.CONNECTIVITY_CHANGE
ADDED from src\main\AndroidManifest.xml:166:13-169:29
action#android.intent.action.USER_PRESENT
ADDED from src\main\AndroidManifest.xml:167:17-77
	android:name
		ADDED from src\main\AndroidManifest.xml:167:25-74
action#android.net.conn.CONNECTIVITY_CHANGE
ADDED from src\main\AndroidManifest.xml:168:17-79
	android:name
		ADDED from src\main\AndroidManifest.xml:168:25-76
intent-filter#android.intent.action.PACKAGE_ADDED+android.intent.action.PACKAGE_REMOVED
ADDED from src\main\AndroidManifest.xml:171:13-175:29
action#android.intent.action.PACKAGE_ADDED
ADDED from src\main\AndroidManifest.xml:172:17-78
	android:name
		ADDED from src\main\AndroidManifest.xml:172:25-75
action#android.intent.action.PACKAGE_REMOVED
ADDED from src\main\AndroidManifest.xml:173:17-80
	android:name
		ADDED from src\main\AndroidManifest.xml:173:25-77
data
ADDED from src\main\AndroidManifest.xml:174:17-50
	android:scheme
		ADDED from src\main\AndroidManifest.xml:174:23-47
activity#cn.jpush.android.ui.PushActivity
ADDED from src\main\AndroidManifest.xml:180:9-190:20
MERGED from [cn.jiguang.sdk:jpush:3.0.3] AndroidManifest.xml:46:9-57:20
	android:exported
		ADDED from src\main\AndroidManifest.xml:184:13-37
	android:configChanges
		ADDED from src\main\AndroidManifest.xml:182:13-63
	android:theme
		ADDED from src\main\AndroidManifest.xml:183:13-60
	android:name
		ADDED from src\main\AndroidManifest.xml:181:13-60
intent-filter#android.intent.category.DEFAULT+cn.jpush.android.ui.PushActivity+com.yunqilai.delivery
ADDED from src\main\AndroidManifest.xml:185:13-189:29
action#cn.jpush.android.ui.PushActivity
ADDED from src\main\AndroidManifest.xml:186:17-75
	android:name
		ADDED from src\main\AndroidManifest.xml:186:25-72
category#android.intent.category.DEFAULT
ADDED from src\main\AndroidManifest.xml:187:17-76
	android:name
		ADDED from src\main\AndroidManifest.xml:187:27-73
activity#cn.jpush.android.ui.PopWinActivity
ADDED from src\main\AndroidManifest.xml:192:9-201:20
MERGED from [cn.jiguang.sdk:jpush:3.0.3] AndroidManifest.xml:40:9-43:52
	android:exported
		ADDED from src\main\AndroidManifest.xml:195:13-37
	android:configChanges
		ADDED from src\main\AndroidManifest.xml:194:13-63
	android:theme
		ADDED from src\main\AndroidManifest.xml:196:13-49
	android:name
		ADDED from src\main\AndroidManifest.xml:193:13-62
intent-filter#android.intent.category.DEFAULT+com.yunqilai.delivery
ADDED from src\main\AndroidManifest.xml:197:13-200:29
service#cn.jpush.android.service.DownloadService
ADDED from src\main\AndroidManifest.xml:204:9-208:19
MERGED from [cn.jiguang.sdk:jpush:3.0.3] AndroidManifest.xml:59:9-62:40
	android:enabled
		ADDED from src\main\AndroidManifest.xml:206:13-35
	android:exported
		ADDED from src\main\AndroidManifest.xml:207:13-37
	android:name
		ADDED from src\main\AndroidManifest.xml:205:13-68
receiver#cn.jpush.android.service.AlarmReceiver
ADDED from src\main\AndroidManifest.xml:211:9-75
MERGED from [cn.jiguang.sdk:jpush:3.0.3] AndroidManifest.xml:116:9-118:40
	android:exported
		ADDED from [cn.jiguang.sdk:jpush:3.0.3] AndroidManifest.xml:118:13-37
	android:name
		ADDED from src\main\AndroidManifest.xml:211:19-72
receiver#com.yunqilai.delivery.MyJushReceiver
ADDED from src\main\AndroidManifest.xml:215:9-231:20
	android:enabled
		ADDED from src\main\AndroidManifest.xml:217:13-35
	android:name
		ADDED from src\main\AndroidManifest.xml:216:13-43
intent-filter#cn.jpush.android.intent.CONNECTION+cn.jpush.android.intent.MESSAGE_RECEIVED+cn.jpush.android.intent.NOTIFICATION_OPENED+cn.jpush.android.intent.NOTIFICATION_RECEIVED+cn.jpush.android.intent.REGISTRATION+com.yunqilai.delivery
ADDED from src\main\AndroidManifest.xml:218:13-230:29
action#cn.jpush.android.intent.REGISTRATION
ADDED from src\main\AndroidManifest.xml:220:17-79
	android:name
		ADDED from src\main\AndroidManifest.xml:220:25-76
action#cn.jpush.android.intent.MESSAGE_RECEIVED
ADDED from src\main\AndroidManifest.xml:222:17-83
	android:name
		ADDED from src\main\AndroidManifest.xml:222:25-80
action#cn.jpush.android.intent.NOTIFICATION_RECEIVED
ADDED from src\main\AndroidManifest.xml:224:17-88
	android:name
		ADDED from src\main\AndroidManifest.xml:224:25-85
action#cn.jpush.android.intent.NOTIFICATION_OPENED
ADDED from src\main\AndroidManifest.xml:226:17-86
	android:name
		ADDED from src\main\AndroidManifest.xml:226:25-83
action#cn.jpush.android.intent.CONNECTION
ADDED from src\main\AndroidManifest.xml:228:17-77
	android:name
		ADDED from src\main\AndroidManifest.xml:228:25-74
uses-sdk
INJECTED from src\main\AndroidManifest.xml reason: use-sdk injection requested
MERGED from [com.android.support.constraint:constraint-layout:1.0.2] AndroidManifest.xml:5:5-7:41
MERGED from [com.jude:rollviewpager:1.4.6] AndroidManifest.xml:7:5-9:41
MERGED from [com.liaoinstan.springview:library:1.2.6] AndroidManifest.xml:7:5-9:41
MERGED from [com.android.support:design:26.0.0-alpha1] AndroidManifest.xml:21:5-23:62
MERGED from [com.android.support:recyclerview-v7:26.0.0-alpha1] AndroidManifest.xml:20:5-44
MERGED from [com.android.support:transition:26.0.0-alpha1] AndroidManifest.xml:20:5-44
MERGED from [com.jakewharton.rxbinding:rxbinding-appcompat-v7:0.4.0] AndroidManifest.xml:6:5-44
MERGED from [com.jakewharton.rxbinding:rxbinding:0.4.0] AndroidManifest.xml:6:5-44
MERGED from [io.reactivex:rxandroid:1.1.0] AndroidManifest.xml:19:5-43
MERGED from [com.android.support:appcompat-v7:26.0.0-alpha1] AndroidManifest.xml:21:5-23:78
MERGED from [com.android.support:support-v4:26.0.0-alpha1] AndroidManifest.xml:21:5-23:54
MERGED from [com.android.support:support-media-compat:26.0.0-alpha1] AndroidManifest.xml:21:5-23:63
MERGED from [com.android.support:support-fragment:26.0.0-alpha1] AndroidManifest.xml:21:5-23:60
MERGED from [com.android.support:support-core-ui:26.0.0-alpha1] AndroidManifest.xml:21:5-23:58
MERGED from [com.android.support:support-core-utils:26.0.0-alpha1] AndroidManifest.xml:21:5-23:61
MERGED from [com.android.support:animated-vector-drawable:26.0.0-alpha1] AndroidManifest.xml:20:5-44
MERGED from [com.android.support:support-vector-drawable:26.0.0-alpha1] AndroidManifest.xml:20:5-44
MERGED from [com.android.support:support-compat:26.0.0-alpha1] AndroidManifest.xml:21:5-23:58
MERGED from [com.tbruyelle.rxpermissions:rxpermissions:0.9.4] AndroidManifest.xml:7:5-9:41
MERGED from [me.iwf.photopicker:PhotoPicker:0.9.0] AndroidManifest.xml:5:5-7:41
MERGED from [cn.jiguang.sdk:jpush:3.0.3] AndroidManifest.xml:7:5-9:41
MERGED from [cn.jiguang.sdk:jcore:1.1.1] AndroidManifest.xml:7:5-9:41
	tools:overrideLibrary
		ADDED from [com.android.support:design:26.0.0-alpha1] AndroidManifest.xml:23:9-59
	android:targetSdkVersion
		INJECTED from src\main\AndroidManifest.xml
		INJECTED from src\main\AndroidManifest.xml
	android:minSdkVersion
		INJECTED from src\main\AndroidManifest.xml
		INJECTED from src\main\AndroidManifest.xml
meta-data#android.support.VERSION
ADDED from [com.android.support:design:26.0.0-alpha1] AndroidManifest.xml:25:5-27:41
MERGED from [com.android.support:recyclerview-v7:26.0.0-alpha1] AndroidManifest.xml:22:5-24:41
MERGED from [com.android.support:transition:26.0.0-alpha1] AndroidManifest.xml:22:5-24:41
MERGED from [com.android.support:appcompat-v7:26.0.0-alpha1] AndroidManifest.xml:25:5-27:41
MERGED from [com.android.support:support-v4:26.0.0-alpha1] AndroidManifest.xml:25:5-27:41
MERGED from [com.android.support:support-media-compat:26.0.0-alpha1] AndroidManifest.xml:25:5-27:41
MERGED from [com.android.support:support-fragment:26.0.0-alpha1] AndroidManifest.xml:25:5-27:41
MERGED from [com.android.support:support-core-ui:26.0.0-alpha1] AndroidManifest.xml:25:5-27:41
MERGED from [com.android.support:support-core-utils:26.0.0-alpha1] AndroidManifest.xml:25:5-27:41
MERGED from [com.android.support:animated-vector-drawable:26.0.0-alpha1] AndroidManifest.xml:22:5-24:41
MERGED from [com.android.support:support-vector-drawable:26.0.0-alpha1] AndroidManifest.xml:22:5-24:41
MERGED from [com.android.support:support-compat:26.0.0-alpha1] AndroidManifest.xml:25:5-27:41
	android:value
		ADDED from [com.android.support:design:26.0.0-alpha1] AndroidManifest.xml:27:9-38
	android:name
		ADDED from [com.android.support:design:26.0.0-alpha1] AndroidManifest.xml:26:9-47
provider#android.support.v4.content.FileProvider
ADDED from [me.iwf.photopicker:PhotoPicker:0.9.0] AndroidManifest.xml:10:9-18:20
	android:authorities
		ADDED from [me.iwf.photopicker:PhotoPicker:0.9.0] AndroidManifest.xml:12:13-60
	android:grantUriPermissions
		ADDED from [me.iwf.photopicker:PhotoPicker:0.9.0] AndroidManifest.xml:14:13-47
	android:exported
		ADDED from [me.iwf.photopicker:PhotoPicker:0.9.0] AndroidManifest.xml:13:13-37
	android:name
		ADDED from [me.iwf.photopicker:PhotoPicker:0.9.0] AndroidManifest.xml:11:13-67
meta-data#android.support.FILE_PROVIDER_PATHS
ADDED from [me.iwf.photopicker:PhotoPicker:0.9.0] AndroidManifest.xml:15:13-17:67
	android:resource
		ADDED from [me.iwf.photopicker:PhotoPicker:0.9.0] AndroidManifest.xml:17:17-64
	android:name
		ADDED from [me.iwf.photopicker:PhotoPicker:0.9.0] AndroidManifest.xml:16:17-67
uses-permission#${JPUSH_PKGNAME}.permission.JPUSH_MESSAGE
ADDED from [cn.jiguang.sdk:jpush:3.0.3] AndroidManifest.xml:16:5-81
	android:name
		ADDED from [cn.jiguang.sdk:jpush:3.0.3] AndroidManifest.xml:16:22-78
service#cn.jpush.android.service.DaemonService
ADDED from [cn.jiguang.sdk:jpush:3.0.3] AndroidManifest.xml:81:9-90:19
	android:enabled
		ADDED from [cn.jiguang.sdk:jpush:3.0.3] AndroidManifest.xml:83:13-35
	android:exported
		ADDED from [cn.jiguang.sdk:jpush:3.0.3] AndroidManifest.xml:84:13-36
	android:name
		ADDED from [cn.jiguang.sdk:jpush:3.0.3] AndroidManifest.xml:82:13-66
intent-filter#${JPUSH_PKGNAME}+cn.jpush.android.intent.DaemonService
ADDED from [cn.jiguang.sdk:jpush:3.0.3] AndroidManifest.xml:85:13-89:29
action#cn.jpush.android.intent.DaemonService
ADDED from [cn.jiguang.sdk:jpush:3.0.3] AndroidManifest.xml:86:17-80
	android:name
		ADDED from [cn.jiguang.sdk:jpush:3.0.3] AndroidManifest.xml:86:25-77
category#${JPUSH_PKGNAME}
ADDED from [cn.jiguang.sdk:jpush:3.0.3] AndroidManifest.xml:88:17-61
	android:name
		ADDED from [cn.jiguang.sdk:jpush:3.0.3] AndroidManifest.xml:88:27-58
meta-data#JPUSH_CHANNEL
ADDED from [cn.jiguang.sdk:jpush:3.0.3] AndroidManifest.xml:121:9-123:48
	android:value
		ADDED from [cn.jiguang.sdk:jpush:3.0.3] AndroidManifest.xml:123:13-45
	android:name
		ADDED from [cn.jiguang.sdk:jpush:3.0.3] AndroidManifest.xml:122:13-41
meta-data#JPUSH_APPKEY
ADDED from [cn.jiguang.sdk:jpush:3.0.3] AndroidManifest.xml:124:9-126:47
	android:value
		ADDED from [cn.jiguang.sdk:jpush:3.0.3] AndroidManifest.xml:126:13-44
	android:name
		ADDED from [cn.jiguang.sdk:jpush:3.0.3] AndroidManifest.xml:125:13-40